#
# A fatal error has been detected by the Java Runtime Environment:
#
#  EXCEPTION_ACCESS_VIOLATION (0xc0000005) at pc=0x000000005ff02bf2, pid=5776, tid=5008
#
# JRE version: Java(TM) SE Runtime Environment (8.0_60-b27) (build 1.8.0_60-b27)
# Java VM: Java HotSpot(TM) 64-Bit Server VM (25.60-b23 mixed mode windows-amd64 compressed oops)
# Problematic frame:
# V  [jvm.dll+0x42bf2]
#
# Failed to write core dump. Minidumps are not enabled by default on client versions of Windows
#
# If you would like to submit a bug report, please visit:
#   http://bugreport.java.com/bugreport/crash.jsp
#

---------------  T H R E A D  ---------------

Current thread (0x0000000014dc8000):  JavaThread "C1 CompilerThread1" daemon [_thread_in_vm, id=5008, stack(0x0000000016490000,0x0000000016690000)]

siginfo: ExceptionCode=0xc0000005, reading address 0x0000400000000000

Registers:
RAX=0x0000000014dc8000, RBX=0x0000400000000000, RCX=0x000000000000001b, RDX=0x0000400000000000
RSP=0x000000001668f4a0, RBP=0x000000001e76fc40, RSI=0x0000400000000000, RDI=0x0000000000000000
R8 =0x0000000000000001, R9 =0x0000000000000066, R10=0x000000001e76fe70, R11=0x000000002a256fb0
R12=0x0000000014dc8000, R13=0x000000001e76fc40, R14=0x000000002a0d8050, R15=0x000000002a0dba20
RIP=0x000000005ff02bf2, EFLAGS=0x0000000000010202

Top of Stack: (sp=0x000000001668f4a0)
0x000000001668f4a0:   0000000014dc8000 000000001c97a840
0x000000001668f4b0:   0000000014dc8000 000000001c97a840
0x000000001668f4c0:   0000000014dc8000 00000000600d483f
0x000000001668f4d0:   000000b70000009e 00000000ffff0000
0x000000001668f4e0:   0000000000000066 000000005ff02f89
0x000000001668f4f0:   000000002a258830 000000005ffab62b
0x000000001668f500:   0000000000000066 000000002a0dbaf0
0x000000001668f510:   0000000014dc0020 000000002a0dbae0
0x000000001668f520:   0000000000000000 000000005fefec60
0x000000001668f530:   000000002a0dbaf0 0000400000000000
0x000000001668f540:   0000000000000008 00000000600d4ff5
0x000000001668f550:   000000002a0dbaf0 000000005feffbb1
0x000000001668f560:   00000000000000c0 000000002a258830
0x000000001668f570:   000000002a0dbae0 000000001fb19c80
0x000000001668f580:   00000000022428b0 0000000002242870
0x000000001668f590:   0000000014dc0020 00000000ffffffff 

Instructions: (pc=0x000000005ff02bf2)
0x000000005ff02bd2:   e9 8b 0d bf 4a 76 00 48 8b da ff 15 0e 08 59 00
0x000000005ff02be2:   44 0f b6 05 9a 4c 7a 00 4c 8b e0 45 84 c0 74 39
0x000000005ff02bf2:   4c 8b 03 48 8b cb 41 ff 50 08 84 c0 74 2b 83 7b
0x000000005ff02c02:   08 00 7e 25 0f b6 83 0e 01 00 00 c0 e8 03 a8 01 


Register to memory mapping:

RAX=0x0000000014dc8000 is a thread
RBX=0x0000400000000000 is an unknown value
RCX=0x000000000000001b is an unknown value
RDX=0x0000400000000000 is an unknown value
RSP=0x000000001668f4a0 is pointing into the stack for thread: 0x0000000014dc8000
RBP=0x000000001e76fc40 is an unknown value
RSI=0x0000400000000000 is an unknown value
RDI=0x0000000000000000 is an unknown value
R8 =0x0000000000000001 is an unknown value
R9 =0x0000000000000066 is an unknown value
R10=0x000000001e76fe70 is an unknown value
R11=0x000000002a256fb0 is an unknown value
R12=0x0000000014dc8000 is a thread
R13=0x000000001e76fc40 is an unknown value
R14=0x000000002a0d8050 is an unknown value
R15=0x000000002a0dba20 is an unknown value


Stack: [0x0000000016490000,0x0000000016690000],  sp=0x000000001668f4a0,  free space=2045k
Native frames: (J=compiled Java code, j=interpreted, Vv=VM code, C=native code)
V  [jvm.dll+0x42bf2]
V  [jvm.dll+0x42f89]
V  [jvm.dll+0x3ec60]
V  [jvm.dll+0x3fbb1]
V  [jvm.dll+0x3a653]
V  [jvm.dll+0x3a769]
V  [jvm.dll+0x408de3]
V  [jvm.dll+0x409002]
V  [jvm.dll+0x4091d1]
V  [jvm.dll+0x4093df]
V  [jvm.dll+0xa4662]
V  [jvm.dll+0xa4f9f]
V  [jvm.dll+0x243134]
V  [jvm.dll+0x299f6a]
C  [MSVCR100.dll+0x21d9f]
C  [MSVCR100.dll+0x21e3b]
C  [kernel32.dll+0x1f56d]
C  [ntdll.dll+0x33281]


Current CompileTask:
C1: 552650 21315       3       sun.font.TrueTypeFont::getStyleMetrics (158 bytes)


---------------  P R O C E S S  ---------------

Java Threads: ( => current thread )
  0x000000001eda0800 JavaThread "Image Fetcher 0" daemon [_thread_blocked, id=5896, stack(0x00000000261e0000,0x00000000263e0000)]
  0x000000001ed9d800 JavaThread "Inactive RequestProcessor thread [Was:EditorBracesMatching/org.netbeans.modules.editor.bracesmatching.MasterMatcher$Firer]" daemon [_thread_blocked, id=4316, stack(0x0000000025e10000,0x0000000026010000)]
  0x00000000235ae800 JavaThread "Explorer Actions" daemon [_thread_blocked, id=5500, stack(0x0000000025c10000,0x0000000025e10000)]
  0x00000000235ae000 JavaThread "PaletteSwitch" daemon [_thread_blocked, id=5700, stack(0x0000000025a10000,0x0000000025c10000)]
  0x00000000235ad000 JavaThread "org.netbeans.modules.web.clientproject.browser.ActiveBrowserAction" daemon [_thread_blocked, id=5636, stack(0x0000000020210000,0x0000000020410000)]
  0x00000000235ac800 JavaThread "org.netbeans.modules.project.ui.actions.LookupSensitiveAction" daemon [_thread_blocked, id=5516, stack(0x0000000020010000,0x0000000020210000)]
  0x00000000235ab800 JavaThread "Inactive RequestProcessor thread [Was:org.netbeans.modules.project.ui.actions.ActiveConfigAction/org.netbeans.modules.project.ui.actions.ActiveConfigAction$14]" daemon [_thread_blocked, id=4612, stack(0x000000001fc10000,0x000000001fe10000)]
  0x00000000235ab000 JavaThread "SelectedNodesScheduler" daemon [_thread_blocked, id=468, stack(0x000000001b090000,0x000000001b290000)]
  0x0000000016979000 JavaThread "System clipboard synchronizer" daemon [_thread_blocked, id=5064, stack(0x000000001a460000,0x000000001a660000)]
  0x0000000016977000 JavaThread "Inactive RequestProcessor thread [Was:PaletteSwitch/org.netbeans.spi.palette.PaletteSwitch$1]" daemon [_thread_blocked, id=1936, stack(0x0000000020d80000,0x0000000020f80000)]
  0x000000001ed90000 JavaThread "Editor Parsing Loop (201510222201)" daemon [_thread_blocked, id=6128, stack(0x00000000268a0000,0x0000000026aa0000)]
  0x0000000016975800 JavaThread "TimerQueue" daemon [_thread_blocked, id=2692, stack(0x0000000021f80000,0x0000000022180000)]
  0x0000000016974800 JavaThread "Framework Event Dispatcher" daemon [_thread_blocked, id=5656, stack(0x0000000021980000,0x0000000021b80000)]
  0x0000000016974000 JavaThread "Deadlock Detector" [_thread_blocked, id=6140, stack(0x0000000021780000,0x0000000021980000)]
  0x0000000016973000 JavaThread "Thread-3" daemon [_thread_blocked, id=5232, stack(0x0000000021580000,0x0000000021780000)]
  0x000000001d094800 JavaThread "W32 File Monitor" daemon [_thread_blocked, id=5340, stack(0x0000000021380000,0x0000000021580000)]
  0x000000001d094000 JavaThread "File Watcher" daemon [_thread_blocked, id=5480, stack(0x0000000021180000,0x0000000021380000)]
  0x000000001d08e800 JavaThread "State Data Manager" daemon [_thread_blocked, id=452, stack(0x000000001f810000,0x000000001fa10000)]
  0x000000001d08d800 JavaThread "Framework Active Thread" [_thread_blocked, id=6096, stack(0x000000001f410000,0x000000001f610000)]
  0x0000000017657000 JavaThread "AWT-EventQueue-0" [_thread_in_native, id=5496, stack(0x000000001c6b0000,0x000000001c8b0000)]
  0x00000000175f0000 JavaThread "AWT-Windows" daemon [_thread_blocked, id=4700, stack(0x000000001bfb0000,0x000000001c1b0000)]
  0x0000000017640800 JavaThread "AWT-Shutdown" [_thread_blocked, id=4620, stack(0x000000001bdb0000,0x000000001bfb0000)]
  0x0000000017640000 JavaThread "Java2D Disposer" daemon [_thread_blocked, id=4264, stack(0x000000001bbb0000,0x000000001bdb0000)]
  0x0000000017566800 JavaThread "RequestProcessor queue manager" daemon [_thread_blocked, id=4208, stack(0x000000001b490000,0x000000001b690000)]
  0x00000000173a8800 JavaThread "CLI Requests Server" daemon [_thread_in_native, id=2776, stack(0x000000001ae90000,0x000000001b090000)]
  0x0000000017182800 JavaThread "Active Reference Queue Daemon" daemon [_thread_blocked, id=5848, stack(0x00000000178c0000,0x0000000017ac0000)]
  0x00000000166b8800 JavaThread "Service Thread" daemon [_thread_blocked, id=5136, stack(0x0000000016a90000,0x0000000016c90000)]
=>0x0000000014dc8000 JavaThread "C1 CompilerThread1" daemon [_thread_in_vm, id=5008, stack(0x0000000016490000,0x0000000016690000)]
  0x0000000014dbf000 JavaThread "C2 CompilerThread0" daemon [_thread_blocked, id=5984, stack(0x0000000016290000,0x0000000016490000)]
  0x0000000014dbe000 JavaThread "Attach Listener" daemon [_thread_blocked, id=884, stack(0x0000000016090000,0x0000000016290000)]
  0x0000000014dbc800 JavaThread "Signal Dispatcher" daemon [_thread_blocked, id=5072, stack(0x0000000015e90000,0x0000000016090000)]
  0x0000000014d61800 JavaThread "Finalizer" daemon [_thread_blocked, id=5036, stack(0x0000000015bb0000,0x0000000015db0000)]
  0x0000000014d59000 JavaThread "Reference Handler" daemon [_thread_blocked, id=2132, stack(0x00000000159b0000,0x0000000015bb0000)]
  0x00000000006bf800 JavaThread "main" [_thread_blocked, id=2596, stack(0x0000000000030000,0x0000000000230000)]

Other Threads:
  0x0000000014d4e800 VMThread [stack: 0x00000000157b0000,0x00000000159b0000] [id=5224]
  0x0000000014e1f000 WatcherThread [stack: 0x0000000016c90000,0x0000000016e90000] [id=4696]

VM state:synchronizing (normal execution)

VM Mutex/Monitor currently owned by a thread:  ([mutex/lock_event])
[0x0000000002230680] Threads_lock - owner thread: 0x0000000014d4e800

Heap:
 PSYoungGen      total 284160K, used 143221K [0x00000000eab00000, 0x0000000100000000, 0x0000000100000000)
  eden space 224768K, 58% used [0x00000000eab00000,0x00000000f2bdcf88,0x00000000f8680000)
  from space 59392K, 18% used [0x00000000fbf80000,0x00000000fca807f8,0x00000000ff980000)
  to   space 58368K, 0% used [0x00000000f8680000,0x00000000f8680000,0x00000000fbf80000)
 ParOldGen       total 182272K, used 161346K [0x00000000c0000000, 0x00000000cb200000, 0x00000000eab00000)
  object space 182272K, 88% used [0x00000000c0000000,0x00000000c9d90b28,0x00000000cb200000)
 Metaspace       used 85340K, capacity 93673K, committed 94040K, reserved 1130496K
  class space    used 9877K, capacity 12325K, committed 12416K, reserved 1048576K

Card table byte_map: [0x0000000011ab0000,0x0000000011cc0000] byte_map_base: 0x00000000114b0000

Marking Bits: (ParMarkBitMap*) 0x00000000606ca5b0
 Begin Bits: [0x0000000012220000, 0x0000000013220000)
 End Bits:   [0x0000000013220000, 0x0000000014220000)

Polling page: 0x0000000000680000

CodeCache: size=245760Kb used=58827Kb max_used=58900Kb free=186932Kb
 bounds [0x00000000026f0000, 0x0000000006110000, 0x00000000116f0000]
 total_blobs=15943 nmethods=15177 adapters=672
 compilation: enabled

Compilation events (10 events):
Event: 552.589 Thread 0x0000000014dc8000 21309       1       javax.swing.DefaultListSelectionModel::getValueIsAdjusting (5 bytes)
Event: 552.589 Thread 0x0000000014dbf000 21310       4       org.openide.nodes.Node::getParentNode (18 bytes)
Event: 552.589 Thread 0x0000000014dc8000 nmethod 21309 0x0000000003378610 code [0x0000000003378760, 0x0000000003378870]
Event: 552.591 Thread 0x0000000014dbf000 nmethod 21310 0x0000000003427a10 code [0x0000000003427b60, 0x0000000003427c38]
Event: 552.591 Thread 0x0000000014dbf000 21311       4       java.awt.datatransfer.SystemFlavorMap$SoftCache::check (37 bytes)
Event: 552.601 Thread 0x0000000014dc8000 21314       3       sun.font.CompositeFont::getStyleMetrics (31 bytes)
Event: 552.602 Thread 0x0000000014dc8000 nmethod 21314 0x0000000003352bd0 code [0x0000000003352d60, 0x00000000033530e8]
Event: 552.602 Thread 0x0000000014dc8000 21315       3       sun.font.TrueTypeFont::getStyleMetrics (158 bytes)
Event: 552.602 Thread 0x0000000014dbf000 nmethod 21311 0x0000000005da9250 code [0x0000000005da93e0, 0x0000000005da98a8]
Event: 552.602 Thread 0x0000000014dbf000 21313       4       org.openide.util.WeakSet$SharedKeyWeakHashMap::<init> (150 bytes)

GC Heap History (10 events):
Event: 351.732 GC heap before
{Heap before GC invocations=45 (full 5):
 PSYoungGen      total 280576K, used 222387K [0x00000000eab00000, 0x0000000100000000, 0x0000000100000000)
  eden space 216064K, 100% used [0x00000000eab00000,0x00000000f7e00000,0x00000000f7e00000)
  from space 64512K, 9% used [0x00000000f7e00000,0x00000000f842cd28,0x00000000fbd00000)
  to   space 66048K, 0% used [0x00000000fbf80000,0x00000000fbf80000,0x0000000100000000)
 ParOldGen       total 182272K, used 158734K [0x00000000c0000000, 0x00000000cb200000, 0x00000000eab00000)
  object space 182272K, 87% used [0x00000000c0000000,0x00000000c9b03988,0x00000000cb200000)
 Metaspace       used 84088K, capacity 91985K, committed 92120K, reserved 1128448K
  class space    used 9808K, capacity 12245K, committed 12288K, reserved 1048576K
Event: 351.757 GC heap after
Heap after GC invocations=45 (full 5):
 PSYoungGen      total 281088K, used 23187K [0x00000000eab00000, 0x00000000ffc80000, 0x0000000100000000)
  eden space 218624K, 0% used [0x00000000eab00000,0x00000000eab00000,0x00000000f8080000)
  from space 62464K, 37% used [0x00000000fbf80000,0x00000000fd624d28,0x00000000ffc80000)
  to   space 63488K, 0% used [0x00000000f8080000,0x00000000f8080000,0x00000000fbe80000)
 ParOldGen       total 182272K, used 159503K [0x00000000c0000000, 0x00000000cb200000, 0x00000000eab00000)
  object space 182272K, 87% used [0x00000000c0000000,0x00000000c9bc3e28,0x00000000cb200000)
 Metaspace       used 84088K, capacity 91985K, committed 92120K, reserved 1128448K
  class space    used 9808K, capacity 12245K, committed 12288K, reserved 1048576K
}
Event: 376.192 GC heap before
{Heap before GC invocations=46 (full 5):
 PSYoungGen      total 281088K, used 241811K [0x00000000eab00000, 0x00000000ffc80000, 0x0000000100000000)
  eden space 218624K, 100% used [0x00000000eab00000,0x00000000f8080000,0x00000000f8080000)
  from space 62464K, 37% used [0x00000000fbf80000,0x00000000fd624d28,0x00000000ffc80000)
  to   space 63488K, 0% used [0x00000000f8080000,0x00000000f8080000,0x00000000fbe80000)
 ParOldGen       total 182272K, used 159503K [0x00000000c0000000, 0x00000000cb200000, 0x00000000eab00000)
  object space 182272K, 87% used [0x00000000c0000000,0x00000000c9bc3e28,0x00000000cb200000)
 Metaspace       used 84204K, capacity 92055K, committed 92376K, reserved 1130496K
  class space    used 9809K, capacity 12246K, committed 12288K, reserved 1048576K
Event: 376.204 GC heap after
Heap after GC invocations=46 (full 5):
 PSYoungGen      total 282112K, used 7365K [0x00000000eab00000, 0x0000000100000000, 0x0000000100000000)
  eden space 218624K, 0% used [0x00000000eab00000,0x00000000eab00000,0x00000000f8080000)
  from space 63488K, 11% used [0x00000000f8080000,0x00000000f87b15e8,0x00000000fbe80000)
  to   space 63488K, 0% used [0x00000000fc200000,0x00000000fc200000,0x0000000100000000)
 ParOldGen       total 182272K, used 160566K [0x00000000c0000000, 0x00000000cb200000, 0x00000000eab00000)
  object space 182272K, 88% used [0x00000000c0000000,0x00000000c9ccda58,0x00000000cb200000)
 Metaspace       used 84204K, capacity 92055K, committed 92376K, reserved 1130496K
  class space    used 9809K, capacity 12246K, committed 12288K, reserved 1048576K
}
Event: 463.322 GC heap before
{Heap before GC invocations=47 (full 5):
 PSYoungGen      total 282112K, used 225989K [0x00000000eab00000, 0x0000000100000000, 0x0000000100000000)
  eden space 218624K, 100% used [0x00000000eab00000,0x00000000f8080000,0x00000000f8080000)
  from space 63488K, 11% used [0x00000000f8080000,0x00000000f87b15e8,0x00000000fbe80000)
  to   space 63488K, 0% used [0x00000000fc200000,0x00000000fc200000,0x0000000100000000)
 ParOldGen       total 182272K, used 160566K [0x00000000c0000000, 0x00000000cb200000, 0x00000000eab00000)
  object space 182272K, 88% used [0x00000000c0000000,0x00000000c9ccda58,0x00000000cb200000)
 Metaspace       used 84396K, capacity 92287K, committed 92632K, reserved 1130496K
  class space    used 9820K, capacity 12254K, committed 12288K, reserved 1048576K
Event: 463.336 GC heap after
Heap after GC invocations=47 (full 5):
 PSYoungGen      total 284672K, used 9349K [0x00000000eab00000, 0x00000000fff00000, 0x0000000100000000)
  eden space 222208K, 0% used [0x00000000eab00000,0x00000000eab00000,0x00000000f8400000)
  from space 62464K, 14% used [0x00000000fc200000,0x00000000fcb215f8,0x00000000fff00000)
  to   space 62976K, 0% used [0x00000000f8400000,0x00000000f8400000,0x00000000fc180000)
 ParOldGen       total 182272K, used 160730K [0x00000000c0000000, 0x00000000cb200000, 0x00000000eab00000)
  object space 182272K, 88% used [0x00000000c0000000,0x00000000c9cf6a68,0x00000000cb200000)
 Metaspace       used 84396K, capacity 92287K, committed 92632K, reserved 1130496K
  class space    used 9820K, capacity 12254K, committed 12288K, reserved 1048576K
}
Event: 492.717 GC heap before
{Heap before GC invocations=48 (full 5):
 PSYoungGen      total 284672K, used 231557K [0x00000000eab00000, 0x00000000fff00000, 0x0000000100000000)
  eden space 222208K, 100% used [0x00000000eab00000,0x00000000f8400000,0x00000000f8400000)
  from space 62464K, 14% used [0x00000000fc200000,0x00000000fcb215f8,0x00000000fff00000)
  to   space 62976K, 0% used [0x00000000f8400000,0x00000000f8400000,0x00000000fc180000)
 ParOldGen       total 182272K, used 160730K [0x00000000c0000000, 0x00000000cb200000, 0x00000000eab00000)
  object space 182272K, 88% used [0x00000000c0000000,0x00000000c9cf6a68,0x00000000cb200000)
 Metaspace       used 84556K, capacity 92613K, committed 92888K, reserved 1130496K
  class space    used 9823K, capacity 12255K, committed 12288K, reserved 1048576K
Event: 492.742 GC heap after
Heap after GC invocations=48 (full 5):
 PSYoungGen      total 245760K, used 23193K [0x00000000eab00000, 0x00000000ff980000, 0x0000000100000000)
  eden space 222208K, 0% used [0x00000000eab00000,0x00000000eab00000,0x00000000f8400000)
  from space 23552K, 98% used [0x00000000f8400000,0x00000000f9aa6620,0x00000000f9b00000)
  to   space 59392K, 0% used [0x00000000fbf80000,0x00000000fbf80000,0x00000000ff980000)
 ParOldGen       total 182272K, used 161346K [0x00000000c0000000, 0x00000000cb200000, 0x00000000eab00000)
  object space 182272K, 88% used [0x00000000c0000000,0x00000000c9d90b28,0x00000000cb200000)
 Metaspace       used 84556K, capacity 92613K, committed 92888K, reserved 1130496K
  class space    used 9823K, capacity 12255K, committed 12288K, reserved 1048576K
}
Event: 534.029 GC heap before
{Heap before GC invocations=49 (full 5):
 PSYoungGen      total 245760K, used 245401K [0x00000000eab00000, 0x00000000ff980000, 0x0000000100000000)
  eden space 222208K, 100% used [0x00000000eab00000,0x00000000f8400000,0x00000000f8400000)
  from space 23552K, 98% used [0x00000000f8400000,0x00000000f9aa6620,0x00000000f9b00000)
  to   space 59392K, 0% used [0x00000000fbf80000,0x00000000fbf80000,0x00000000ff980000)
 ParOldGen       total 182272K, used 161346K [0x00000000c0000000, 0x00000000cb200000, 0x00000000eab00000)
  object space 182272K, 88% used [0x00000000c0000000,0x00000000c9d90b28,0x00000000cb200000)
 Metaspace       used 84993K, capacity 93245K, committed 93528K, reserved 1130496K
  class space    used 9841K, capacity 12291K, committed 12416K, reserved 1048576K
Event: 534.061 GC heap after
Heap after GC invocations=49 (full 5):
 PSYoungGen      total 284160K, used 11265K [0x00000000eab00000, 0x0000000100000000, 0x0000000100000000)
  eden space 224768K, 0% used [0x00000000eab00000,0x00000000eab00000,0x00000000f8680000)
  from space 59392K, 18% used [0x00000000fbf80000,0x00000000fca807f8,0x00000000ff980000)
  to   space 58368K, 0% used [0x00000000f8680000,0x00000000f8680000,0x00000000fbf80000)
 ParOldGen       total 182272K, used 161346K [0x00000000c0000000, 0x00000000cb200000, 0x00000000eab00000)
  object space 182272K, 88% used [0x00000000c0000000,0x00000000c9d90b28,0x00000000cb200000)
 Metaspace       used 84993K, capacity 93245K, committed 93528K, reserved 1130496K
  class space    used 9841K, capacity 12291K, committed 12416K, reserved 1048576K
}

Deoptimization events (10 events):
Event: 551.056 Thread 0x000000001ed90000 Uncommon trap: reason=class_check action=maybe_recompile pc=0x0000000005b604e8 method=org.netbeans.modules.php.editor.parser.CUP$ASTPHP5Parser$actions.fakeMethod500to599(ILjava_cup/runtime/lr_parser;Ljava/util/Stack;I)Ljava_cup/runtime/Symbol; @ 295
Event: 551.059 Thread 0x000000001ed90000 Uncommon trap: reason=class_check action=maybe_recompile pc=0x0000000005344ff0 method=org.netbeans.modules.php.editor.parser.astnodes.ArrayAccess.getName()Lorg/netbeans/modules/php/editor/parser/astnodes/VariableBase; @ 4
Event: 551.059 Thread 0x000000001ed90000 Uncommon trap: reason=class_check action=maybe_recompile pc=0x0000000005344ff0 method=org.netbeans.modules.php.editor.parser.astnodes.ArrayAccess.getName()Lorg/netbeans/modules/php/editor/parser/astnodes/VariableBase; @ 4
Event: 551.060 Thread 0x000000001ed90000 Uncommon trap: reason=class_check action=maybe_recompile pc=0x0000000005344ff0 method=org.netbeans.modules.php.editor.parser.astnodes.ArrayAccess.getName()Lorg/netbeans/modules/php/editor/parser/astnodes/VariableBase; @ 4
Event: 551.060 Thread 0x000000001ed90000 Uncommon trap: reason=class_check action=maybe_recompile pc=0x0000000005344ff0 method=org.netbeans.modules.php.editor.parser.astnodes.ArrayAccess.getName()Lorg/netbeans/modules/php/editor/parser/astnodes/VariableBase; @ 4
Event: 551.060 Thread 0x000000001ed90000 Uncommon trap: reason=class_check action=maybe_recompile pc=0x00000000041a9c18 method=org.netbeans.modules.php.editor.parser.astnodes.ArrayAccess.getName()Lorg/netbeans/modules/php/editor/parser/astnodes/VariableBase; @ 4
Event: 551.064 Thread 0x000000001ed90000 Uncommon trap: reason=unstable_if action=reinterpret pc=0x00000000039d5ca0 method=org.netbeans.modules.php.editor.verification.TooManyLinesHint$CheckVisitor.isJustCommentOnLine(I)Z @ 70
Event: 551.069 Thread 0x000000001ed90000 Uncommon trap: reason=unstable_if action=reinterpret pc=0x0000000004143efc method=org.netbeans.modules.php.editor.verification.ImmutableVariablesHint$CheckVisitor.getVariables(Ljava/util/Map;Ljava/lang/String;)Ljava/util/List; @ 12
Event: 551.075 Thread 0x000000001ed90000 Uncommon trap: reason=unstable_if action=reinterpret pc=0x00000000033b80b8 method=org.netbeans.modules.csl.api.OffsetRange.containsInclusive(I)Z @ 4
Event: 551.313 Thread 0x0000000017657000 Uncommon trap: reason=unstable_if action=reinterpret pc=0x0000000005a13f84 method=org.netbeans.modules.editor.errorstripe.AnnotationViewDataImpl$1.hasNext()Z @ 229

Internal exceptions (10 events):
Event: 251.074 Thread 0x000000001ed9e000 Implicit null exception at 0x0000000004f3b0d2 to 0x0000000004f3b401
Event: 251.147 Thread 0x0000000017657000 Implicit null exception at 0x0000000004ddb952 to 0x0000000004ddbe5d
Event: 463.390 Thread 0x0000000017657000 Implicit null exception at 0x0000000005407ed8 to 0x0000000005407f1e
Event: 521.479 Thread 0x0000000017657000 Implicit null exception at 0x00000000058b4578 to 0x00000000058b7329
Event: 527.574 Thread 0x0000000016979000 Implicit null exception at 0x0000000002a5b618 to 0x0000000002a5b6ed
Event: 527.966 Thread 0x0000000017657000 Implicit null exception at 0x0000000004e9d308 to 0x0000000004e9f07d
Event: 528.877 Thread 0x00000000235ac800 Exception <a 'org/netbeans/modules/extbrowser/NbBrowserException': RegOpenKeyEx() failed for SOFTWARE\Microsoft\Windows\CurrentVersion\App Paths\MOZILLA.exe.> (0x00000000f686e0f8) thrown at [C:\re\workspace\8-2-build-windows-amd64-cygwin\jdk8u60\4407\hotsp,ìx5áÄ@
Event: 528.878 Thread 0x00000000235ac800 Exception <a 'org/netbeans/modules/extbrowser/NbBrowserException': RegOpenKeyEx() failed for SOFTWARE\Microsoft\Windows\CurrentVersion\App Paths\MOZILLA.exe.> (0x00000000f690f848) thrown at [C:\re\workspace\8-2-build-windows-amd64-cygwin\jdk8u60\4407\hotsp∂,o∆é∑Ä@
Event: 534.945 Thread 0x00000000235ae800 Exception <a 'org/netbeans/modules/extbrowser/NbBrowserException': RegOpenKeyEx() failed for SOFTWARE\Microsoft\Windows\CurrentVersion\App Paths\MOZILLA.exe.> (0x00000000ec46d550) thrown at [C:\re\workspace\8-2-build-windows-amd64-cygwin\jdk8u60\4407\hotsp ë’Èó∑Ä@
Event: 534.949 Thread 0x00000000235ae800 Exception <a 'org/netbeans/modules/extbrowser/NbBrowserException': RegOpenKeyEx() failed for SOFTWARE\Microsoft\Windows\CurrentVersion\App Paths\MOZILLA.exe.> (0x00000000ec506d18) thrown at [C:\re\workspace\8-2-build-windows-amd64-cygwin\jdk8u60\4407\hotsp√WÌÂZbo@

Events (10 events):
Event: 552.087 Executing VM operation: FindDeadlocks done
Event: 552.593 Executing VM operation: RevokeBias
Event: 552.593 Executing VM operation: RevokeBias done
Event: 552.594 Executing VM operation: RevokeBias
Event: 552.594 Executing VM operation: RevokeBias done
Event: 552.596 Executing VM operation: RevokeBias
Event: 552.596 Executing VM operation: RevokeBias done
Event: 552.597 Executing VM operation: RevokeBias
Event: 552.597 Executing VM operation: RevokeBias done
Event: 552.603 Executing VM operation: RevokeBias


Dynamic libraries:
0x0000000000400000 - 0x0000000000580000 	C:\Program Files\NetBeans 8.1\bin\netbeans64.exe
0x0000000077390000 - 0x000000007753b000 	C:\Windows\SYSTEM32\ntdll.dll
0x0000000077270000 - 0x000000007738f000 	C:\Windows\system32\kernel32.dll
0x000007fefd3a0000 - 0x000007fefd40b000 	C:\Windows\system32\KERNELBASE.dll
0x000007feff2f0000 - 0x000007feff3cb000 	C:\Windows\system32\ADVAPI32.dll
0x000007fefe450000 - 0x000007fefe4ef000 	C:\Windows\system32\msvcrt.dll
0x000007feff610000 - 0x000007feff62f000 	C:\Windows\SYSTEM32\sechost.dll
0x000007fefede0000 - 0x000007fefef0e000 	C:\Windows\system32\RPCRT4.dll
0x000007fefd6c0000 - 0x000007fefe446000 	C:\Windows\system32\SHELL32.dll
0x000007fefe5c0000 - 0x000007fefe631000 	C:\Windows\system32\SHLWAPI.dll
0x000007feff630000 - 0x000007feff697000 	C:\Windows\system32\GDI32.dll
0x0000000077170000 - 0x000000007726a000 	C:\Windows\system32\USER32.dll
0x000007fefe9f0000 - 0x000007fefe9fe000 	C:\Windows\system32\LPK.dll
0x000007fefe4f0000 - 0x000007fefe5ba000 	C:\Windows\system32\USP10.dll
0x000007feff5e0000 - 0x000007feff60e000 	C:\Windows\system32\IMM32.DLL
0x000007fefe650000 - 0x000007fefe759000 	C:\Windows\system32\MSCTF.dll
0x000007feff3d0000 - 0x000007feff5d1000 	C:\Windows\system32\ole32.dll
0x0000000066c30000 - 0x00000000670e4000 	C:\Program Files\NetBeans 8.1\platform\lib\nbexec64.dll
0x000000005fec0000 - 0x0000000060749000 	C:\Program Files\NetBeans 8.1\bin\jre\bin\server\jvm.dll
0x000007fef7e20000 - 0x000007fef7e29000 	C:\Windows\system32\WSOCK32.dll
0x000007fefeaf0000 - 0x000007fefeb3d000 	C:\Windows\system32\WS2_32.dll
0x000007fefe640000 - 0x000007fefe648000 	C:\Windows\system32\NSI.dll
0x000007fefa9c0000 - 0x000007fefa9fb000 	C:\Windows\system32\WINMM.dll
0x000007fefc1a0000 - 0x000007fefc1ac000 	C:\Windows\system32\VERSION.dll
0x0000000077550000 - 0x0000000077557000 	C:\Windows\system32\PSAPI.DLL
0x0000000069f50000 - 0x000000006a022000 	C:\Program Files\NetBeans 8.1\bin\jre\bin\MSVCR100.dll
0x000000006a960000 - 0x000000006a999000 	C:\Program Files\NetBeans 8.1\bin\jre\bin\splashscreen.dll
0x000000006a950000 - 0x000000006a95f000 	C:\Program Files\NetBeans 8.1\bin\jre\bin\verify.dll
0x0000000069f20000 - 0x0000000069f49000 	C:\Program Files\NetBeans 8.1\bin\jre\bin\java.dll
0x000000006a930000 - 0x000000006a946000 	C:\Program Files\NetBeans 8.1\bin\jre\bin\zip.dll
0x000007fefd2f0000 - 0x000007fefd2ff000 	C:\Windows\system32\profapi.dll
0x0000000069f00000 - 0x0000000069f1a000 	C:\Program Files\NetBeans 8.1\bin\jre\bin\net.dll
0x000007fefcb20000 - 0x000007fefcb74000 	C:\Windows\system32\mswsock.dll
0x000007fefcb10000 - 0x000007fefcb17000 	C:\Windows\System32\wship6.dll
0x0000000069ee0000 - 0x0000000069ef1000 	C:\Program Files\NetBeans 8.1\bin\jre\bin\nio.dll
0x000007fef9cb0000 - 0x000007fef9cd7000 	C:\Windows\system32\IPHLPAPI.DLL
0x000007fef9ca0000 - 0x000007fef9cab000 	C:\Windows\system32\WINNSI.DLL
0x000007fef96c0000 - 0x000007fef96d1000 	C:\Windows\system32\dhcpcsvc6.DLL
0x000007fef96a0000 - 0x000007fef96b8000 	C:\Windows\system32\dhcpcsvc.DLL
0x0000000066a90000 - 0x0000000066c28000 	C:\Program Files\NetBeans 8.1\bin\jre\bin\awt.dll
0x000007fefe760000 - 0x000007fefe837000 	C:\Windows\system32\OLEAUT32.dll
0x000007fefcb80000 - 0x000007fefcb97000 	C:\Windows\system32\CRYPTSP.dll
0x000007fefc880000 - 0x000007fefc8c7000 	C:\Windows\system32\rsaenh.dll
0x000007fefc640000 - 0x000007fefc65e000 	C:\Windows\system32\USERENV.dll
0x000007fefd1e0000 - 0x000007fefd1ef000 	C:\Windows\system32\CRYPTBASE.dll
0x000007fefb6a0000 - 0x000007fefb6b8000 	C:\Windows\system32\DWMAPI.DLL
0x000007fefaa40000 - 0x000007fefaa55000 	C:\Windows\system32\NLAapi.dll
0x000007fefc9a0000 - 0x000007fefc9fb000 	C:\Windows\system32\DNSAPI.dll
0x000007fef0c00000 - 0x000007fef0c0b000 	C:\Windows\System32\winrnr.dll
0x000007fef0be0000 - 0x000007fef0bf5000 	C:\Windows\system32\napinsp.dll
0x000007fef0bc0000 - 0x000007fef0bd9000 	C:\Windows\system32\pnrpnsp.dll
0x000007fefc510000 - 0x000007fefc517000 	C:\Windows\System32\wshtcpip.dll
0x000007fef8870000 - 0x000007fef8878000 	C:\Windows\system32\rasadhlp.dll
0x000007fef9610000 - 0x000007fef9663000 	C:\Windows\System32\fwpuclnt.dll
0x000007fefbcb0000 - 0x000007fefbea4000 	C:\Windows\WinSxS\amd64_microsoft.windows.common-controls_6595b64144ccf1df_6.0.7600.16385_none_fa645303170382f6\COMCTL32.dll
0x000007fefbad0000 - 0x000007fefbb26000 	C:\Windows\system32\uxtheme.dll
0x0000000069e90000 - 0x0000000069ed7000 	C:\Program Files\NetBeans 8.1\bin\jre\bin\fontmanager.dll
0x000007fefea50000 - 0x000007fefeae9000 	C:\Windows\system32\CLBCatQ.DLL
0x0000000069df0000 - 0x0000000069e32000 	C:\Program Files\NetBeans 8.1\bin\jre\bin\t2k.dll
0x0000000180000000 - 0x0000000180038000 	C:\Program Files\NetBeans 8.1\platform\modules\lib\amd64\jnidispatch-410.dll
0x000000006a610000 - 0x000000006a61d000 	C:\Program Files\NetBeans 8.1\bin\jre\bin\management.dll
0x000007fefae80000 - 0x000007fefaeee000 	C:\Windows\system32\winhttp.dll
0x000007fefad00000 - 0x000007fefad64000 	C:\Windows\system32\webio.dll
0x000007fefd150000 - 0x000007fefd175000 	C:\Windows\system32\SspiCli.dll
0x000007fefc750000 - 0x000007fefc759000 	C:\Windows\system32\credssp.dll
0x000007fefd680000 - 0x000007fefd6b6000 	C:\Windows\system32\CFGMGR32.dll
0x000007fefb530000 - 0x000007fefb65a000 	C:\Windows\system32\WindowsCodecs.dll
0x000007fefd180000 - 0x000007fefd1d7000 	C:\Windows\system32\apphelp.dll
0x000007fef6c60000 - 0x000007fef6d20000 	C:\Program Files (x86)\Google\Drive\googledrivesync64.dll
0x0000000070e40000 - 0x0000000070f13000 	C:\Windows\WinSxS\amd64_microsoft.vc90.crt_1fc8b3b9a1e18e3b_9.0.30729.6161_none_08e61857a83bc251\MSVCP90.dll
0x0000000070d90000 - 0x0000000070e33000 	C:\Windows\WinSxS\amd64_microsoft.vc90.crt_1fc8b3b9a1e18e3b_9.0.30729.6161_none_08e61857a83bc251\MSVCR90.dll
0x000007fef76a0000 - 0x000007fef76e4000 	C:\Program Files (x86)\Dropbox\Client\DropboxExt64.65536.dll
0x000000006d4c0000 - 0x000000006d4ff000 	C:\Program Files\NetBeans 8.1\ide\modules\lib\extbrowser64.dll
0x0000000069dc0000 - 0x0000000069dea000 	C:\Program Files\NetBeans 8.1\bin\jre\bin\dcpr.dll
0x000007feed820000 - 0x000007feed93d000 	C:\Windows\system32\OPENGL32.DLL
0x000007feefec0000 - 0x000007feefeed000 	C:\Windows\system32\GLU32.dll
0x000007feed720000 - 0x000007feed811000 	C:\Windows\system32\DDRAW.dll
0x000007fef94e0000 - 0x000007fef94e8000 	C:\Windows\system32\DCIMAN32.dll
0x000007fefebe0000 - 0x000007fefedb7000 	C:\Windows\system32\SETUPAPI.dll
0x000007fefd410000 - 0x000007fefd42a000 	C:\Windows\system32\DEVOBJ.dll
0x0000000058bc0000 - 0x000000005a47f000 	C:\Windows\system32\nvoglv64.DLL
0x000007fefd4d0000 - 0x000007fefd509000 	C:\Windows\system32\WINTRUST.dll
0x000007fefd510000 - 0x000007fefd676000 	C:\Windows\system32\CRYPT32.dll
0x000007fefd390000 - 0x000007fefd39f000 	C:\Windows\system32\MSASN1.dll
0x000007fefb0f0000 - 0x000007fefb11d000 	C:\Windows\system32\ntmarta.dll
0x000007fefea00000 - 0x000007fefea50000 	C:\Windows\system32\WLDAP32.dll
0x000007fef80a0000 - 0x000007fef81c5000 	C:\Windows\system32\dbghelp.dll

VM Arguments:
jvm_args: -Dnetbeans.importclass=org.netbeans.upgrade.AutoUpgrade -Dnetbeans.accept_license_class=org.netbeans.license.AcceptLicense -client -Xss2m -Xms32m -Dapple.laf.useScreenMenuBar=true -Dapple.awt.graphics.UseQuartz=true -Dsun.java2d.noddraw=true -Dsun.java2d.dpiaware=true -Dsun.zip.disableMemoryMapping=true -Xmx1024m -Djdk.home=C:\Program Files\NetBeans 8.1\bin\jre -Dnetbeans.home=C:\Program Files\NetBeans 8.1\platform -Dnetbeans.user=C:\Users\PORTALWEB\AppData\Roaming\NetBeans\8.1 -Dnetbeans.default_userdir_root=C:\Users\PORTALWEB\AppData\Roaming\NetBeans -XX:+HeapDumpOnOutOfMemoryError -XX:HeapDumpPath=C:\Users\PORTALWEB\AppData\Roaming\NetBeans\8.1\var\log\heapdump.hprof -Dsun.awt.keepWorkingSetOnMinimize=true -Dnetbeans.dirs=C:\Program Files\NetBeans 8.1\nb;C:\Program Files\NetBeans 8.1\ergonomics;C:\Program Files\NetBeans 8.1\ide;C:\Program Files\NetBeans 8.1\extide;C:\Program Files\NetBeans 8.1\java;C:\Program Files\NetBeans 8.1\apisupport;C:\Program Files\NetBeans 8.1\webcommon;C:\Program Files\NetBeans 8.1\websvccommon;C:\Program Files\NetBeans 8.1\enterprise;C:\Program Files\NetBeans 8.1\mobility;C:\Program Files\NetBeans 8.1\profiler;C:\Program Files\NetBeans 8.1\python;C:\Program Files\NetBeans 8.1\php;C:\Program Files\NetBeans 8.1\identity;C:\Program Files\NetBeans 8.1\harness;C:\Program Files\NetBeans 8.1\cnd;C:\Program Files\NetBeans 8.1\cndext;C:\Program Files\NetBeans 8.1\dlight;C:\Program Files\NetBeans 8.1\groovy;C:\Program Files\NetBeans 8.1\extra;C:\Program Files\NetBeans 8.1\javacard;C:\Program Files\NetBeans 8.1\javafx exit 
java_command: <unknown>
java_class_path (initial): C:\Program Files\NetBeans 8.1\platform\lib\boot.jar;C:\Program Files\NetBeans 8.1\platform\lib\org-openide-modules.jar;C:\Program Files\NetBeans 8.1\platform\lib\org-openide-util-lookup.jar;C:\Program Files\NetBeans 8.1\platform\lib\org-openide-util-ui.jar;C:\Program Files\NetBeans 8.1\platform\lib\org-openide-util.jar;C:\Program Files\NetBeans 8.1\platform\lib\locale\boot_ja.jar;C:\Program Files\NetBeans 8.1\platform\lib\locale\boot_pt_BR.jar;C:\Program Files\NetBeans 8.1\platform\lib\locale\boot_ru.jar;C:\Program Files\NetBeans 8.1\platform\lib\locale\boot_zh_CN.jar;C:\Program Files\NetBeans 8.1\platform\lib\locale\org-openide-modules_ja.jar;C:\Program Files\NetBeans 8.1\platform\lib\locale\org-openide-modules_pt_BR.jar;C:\Program Files\NetBeans 8.1\platform\lib\locale\org-openide-modules_ru.jar;C:\Program Files\NetBeans 8.1\platform\lib\locale\org-openide-modules_zh_CN.jar;C:\Program Files\NetBeans 8.1\platform\lib\locale\org-openide-util-lookup_ja.jar;C:\Program Files\NetBeans 8.1\platform\lib\locale\org-openide-util-lookup_pt_BR.jar;C:\Program Files\NetBeans 8.1\platform\lib\locale\org-openide-util-lookup_ru.jar;C:\Program Files\NetBeans 8.1\platform\lib\locale\org-openide-util-lookup_zh_CN.jar;C:\Program Files\NetBeans 8.1\platform\lib\locale\org-openide-util-ui_ja.jar;C:\Program Files\NetBeans 8.1\platform\lib\locale\org-openide-util-ui_pt_BR.jar;C:\Program Files\NetBeans 8.1\platform\lib\locale\org-openide-util-ui_ru.jar;C:\Program Files\NetBeans 8.1\platform\lib\locale\org-openide-util-ui_zh_CN.jar;C:\Program Files\NetBeans 8.1\platform\lib\locale\org-openide-util_ja.jar;C:\Program Files\NetBeans 8.1\platform\lib\locale\org-openide-util_pt_BR.jar;C:\Program Files\NetBeans 8.1\platform\lib\locale\org-openide-util_ru.jar;C:\Program Files\NetBeans 8.1\platform\lib\locale\org-openide-util_zh_CN.jar
Launcher Type: generic

Environment Variables:
JAVA_HOME=C:\Program Files\Java\jdk1.8.0_101
PATH=C:\ProgramData\Oracle\Java\javapath;C:\Program Files (x86)\NVIDIA Corporation\PhysX\Common;C:\Windows\system32;C:\Windows;C:\Windows\System32\Wbem;C:\Windows\System32\WindowsPowerShell\v1.0\;C:\xampp\php;C:\ProgramData\ComposerSetup\bin;C:\Program Files\nodejs\;C:\Users\PORTALWEB\AppData\Roaming\Composer\vendor\bin;C:\Users\PORTALWEB\AppData\Roaming\npm;C:\Program Files\Java\jdk1.8.0_101\bin;C:\apache-ant-1.9.7\bin;C:\Android\android-sdk\tools;C:\Android\android-sdk\platform-tools;C:\Users\PORTALWEB\AppData\Local\atom\bin
USERNAME=PORTALWEB
OS=Windows_NT
PROCESSOR_IDENTIFIER=Intel64 Family 6 Model 58 Stepping 9, GenuineIntel



---------------  S Y S T E M  ---------------

OS: Windows 7 , 64 bit Build 7600 (6.1.7600.16385)

CPU:total 2 (2 cores per cpu, 1 threads per core) family 6 model 58 stepping 9, cmov, cx8, fxsr, mmx, sse, sse2, sse3, ssse3, sse4.1, sse4.2, popcnt, clmul, erms, tsc, tscinvbit, tscinv

Memory: 4k page, physical 8334592k(4874608k free), swap 16667284k(12960244k free)

vm_info: Java HotSpot(TM) 64-Bit Server VM (25.60-b23) for windows-amd64 JRE (1.8.0_60-b27), built on Aug  4 2015 11:06:27 by "java_re" with MS VC++ 10.0 (VS2010)

time: Sun Oct 23 12:29:49 2016
elapsed time: 552 seconds (0d 0h 9m 12s)

